  正在判斷要還原的專案...
  所有專案都在最新狀態，可進行還原。
  TestClient.Impersonation -> C:\Users\bohewu.BOHE-WU-NEW-PC\Desktop\IdP\HybridIdP\samples\TestClient.Impersonation\bin\Debug\net10.0\TestClient.Impersonation.dll
  TestClient.M2M -> C:\Users\bohewu.BOHE-WU-NEW-PC\Desktop\IdP\HybridIdP\samples\TestClient.M2M\bin\Debug\net10.0\TestClient.M2M.dll
  TestClient.Device -> C:\Users\bohewu.BOHE-WU-NEW-PC\Desktop\IdP\HybridIdP\samples\TestClient.Device\bin\Debug\net10.0\TestClient.Device.dll
  Core.Domain -> C:\Users\bohewu.BOHE-WU-NEW-PC\Desktop\IdP\HybridIdP\Core.Domain\bin\Debug\net10.0\Core.Domain.dll
  Tests.LegacyApi -> C:\Users\bohewu.BOHE-WU-NEW-PC\Desktop\IdP\HybridIdP\Tests.LegacyApi\bin\Debug\net8.0\Tests.LegacyApi.dll
  Core.Application -> C:\Users\bohewu.BOHE-WU-NEW-PC\Desktop\IdP\HybridIdP\Core.Application\bin\Debug\net10.0\Core.Application.dll
  TestClient -> C:\Users\bohewu.BOHE-WU-NEW-PC\Desktop\IdP\HybridIdP\samples\TestClient\bin\Debug\net10.0\TestClient.dll
  Infrastructure -> C:\Users\bohewu.BOHE-WU-NEW-PC\Desktop\IdP\HybridIdP\Infrastructure\bin\Debug\net10.0\Infrastructure.dll
C:\Users\bohewu.BOHE-WU-NEW-PC\Desktop\IdP\HybridIdP\Tests.SystemTests\AmrSystemTests.cs(93,25): error CS1519: Invalid token '(' in a member declaration [C:\Users\bohewu.BOHE-WU-NEW-PC\Desktop\IdP\HybridIdP\Tests.SystemTests\Tests.SystemTests.csproj]
C:\Users\bohewu.BOHE-WU-NEW-PC\Desktop\IdP\HybridIdP\Tests.SystemTests\AmrSystemTests.cs(93,26): error CS1031: 必須是類型 [C:\Users\bohewu.BOHE-WU-NEW-PC\Desktop\IdP\HybridIdP\Tests.SystemTests\Tests.SystemTests.csproj]
C:\Users\bohewu.BOHE-WU-NEW-PC\Desktop\IdP\HybridIdP\Tests.SystemTests\AmrSystemTests.cs(93,26): error CS8124: 元組必須包含至少兩個項目。 [C:\Users\bohewu.BOHE-WU-NEW-PC\Desktop\IdP\HybridIdP\Tests.SystemTests\Tests.SystemTests.csproj]
C:\Users\bohewu.BOHE-WU-NEW-PC\Desktop\IdP\HybridIdP\Tests.SystemTests\AmrSystemTests.cs(93,26): error CS1026: 必須是 ) [C:\Users\bohewu.BOHE-WU-NEW-PC\Desktop\IdP\HybridIdP\Tests.SystemTests\Tests.SystemTests.csproj]
C:\Users\bohewu.BOHE-WU-NEW-PC\Desktop\IdP\HybridIdP\Tests.SystemTests\AmrSystemTests.cs(93,26): error CS1519: Invalid token '"signin-oidc"' in a member declaration [C:\Users\bohewu.BOHE-WU-NEW-PC\Desktop\IdP\HybridIdP\Tests.SystemTests\Tests.SystemTests.csproj]
C:\Users\bohewu.BOHE-WU-NEW-PC\Desktop\IdP\HybridIdP\Tests.SystemTests\AmrSystemTests.cs(93,54): error CS1519: Invalid token ')' in a member declaration [C:\Users\bohewu.BOHE-WU-NEW-PC\Desktop\IdP\HybridIdP\Tests.SystemTests\Tests.SystemTests.csproj]
C:\Users\bohewu.BOHE-WU-NEW-PC\Desktop\IdP\HybridIdP\Tests.SystemTests\AmrSystemTests.cs(94,24): error CS1519: Invalid token '(' in a member declaration [C:\Users\bohewu.BOHE-WU-NEW-PC\Desktop\IdP\HybridIdP\Tests.SystemTests\Tests.SystemTests.csproj]
C:\Users\bohewu.BOHE-WU-NEW-PC\Desktop\IdP\HybridIdP\Tests.SystemTests\AmrSystemTests.cs(94,25): error CS1031: 必須是類型 [C:\Users\bohewu.BOHE-WU-NEW-PC\Desktop\IdP\HybridIdP\Tests.SystemTests\Tests.SystemTests.csproj]
C:\Users\bohewu.BOHE-WU-NEW-PC\Desktop\IdP\HybridIdP\Tests.SystemTests\AmrSystemTests.cs(94,25): error CS8124: 元組必須包含至少兩個項目。 [C:\Users\bohewu.BOHE-WU-NEW-PC\Desktop\IdP\HybridIdP\Tests.SystemTests\Tests.SystemTests.csproj]
C:\Users\bohewu.BOHE-WU-NEW-PC\Desktop\IdP\HybridIdP\Tests.SystemTests\AmrSystemTests.cs(94,25): error CS1026: 必須是 ) [C:\Users\bohewu.BOHE-WU-NEW-PC\Desktop\IdP\HybridIdP\Tests.SystemTests\Tests.SystemTests.csproj]
C:\Users\bohewu.BOHE-WU-NEW-PC\Desktop\IdP\HybridIdP\Tests.SystemTests\AmrSystemTests.cs(94,25): error CS1519: Invalid token '"code="' in a member declaration [C:\Users\bohewu.BOHE-WU-NEW-PC\Desktop\IdP\HybridIdP\Tests.SystemTests\Tests.SystemTests.csproj]
C:\Users\bohewu.BOHE-WU-NEW-PC\Desktop\IdP\HybridIdP\Tests.SystemTests\AmrSystemTests.cs(94,47): error CS1519: Invalid token ')' in a member declaration [C:\Users\bohewu.BOHE-WU-NEW-PC\Desktop\IdP\HybridIdP\Tests.SystemTests\Tests.SystemTests.csproj]
C:\Users\bohewu.BOHE-WU-NEW-PC\Desktop\IdP\HybridIdP\Tests.SystemTests\AmrSystemTests.cs(95,5): error CS1519: Invalid token '}' in a member declaration [C:\Users\bohewu.BOHE-WU-NEW-PC\Desktop\IdP\HybridIdP\Tests.SystemTests\Tests.SystemTests.csproj]
  Infrastructure.Migrations.SqlServer -> C:\Users\bohewu.BOHE-WU-NEW-PC\Desktop\IdP\HybridIdP\Infrastructure.Migrations.SqlServer\bin\Debug\net10.0\Infrastructure.Migrations.SqlServer.dll
  Infrastructure.Migrations.Postgres -> C:\Users\bohewu.BOHE-WU-NEW-PC\Desktop\IdP\HybridIdP\Infrastructure.Migrations.Postgres\bin\Debug\net10.0\Infrastructure.Migrations.Postgres.dll
  Tests.Infrastructure.UnitTests -> C:\Users\bohewu.BOHE-WU-NEW-PC\Desktop\IdP\HybridIdP\Tests.Infrastructure.UnitTests\bin\Debug\net10.0\Tests.Infrastructure.UnitTests.dll
  Web.IdP -> C:\Users\bohewu.BOHE-WU-NEW-PC\Desktop\IdP\HybridIdP\Web.IdP\bin\Debug\net10.0\Web.IdP.dll
  Tests.Web.IdP.UnitTests -> C:\Users\bohewu.BOHE-WU-NEW-PC\Desktop\IdP\HybridIdP\Tests.Web.IdP.UnitTests\bin\Debug\net10.0\Tests.Web.IdP.UnitTests.dll
  Tests.Infrastructure.IntegrationTests -> C:\Users\bohewu.BOHE-WU-NEW-PC\Desktop\IdP\HybridIdP\Tests.Infrastructure.IntegrationTests\bin\Debug\net10.0\Tests.Infrastructure.IntegrationTests.dll
C:\Users\bohewu.BOHE-WU-NEW-PC\Desktop\IdP\HybridIdP\Tests.Application.UnitTests\AuthorizationServiceTests.cs(66,41): error CS7036: 未提供任何可對應到 'AuthorizationService.AuthorizationService(IOpenIddictApplicationManager, IOpenIddictAuthorizationManager, IOpenIddictScopeManager, UserManager<ApplicationUser>, RoleManager<ApplicationRole>, IApplicationDbContext, IApiResourceService, ILocalizationService, IScopeService, IAuditService, IClientAllowedScopesService, IClientScopeRequestProcessor, ILogger<AuthorizationService>, IHttpContextAccessor, IClaimsEnrichmentService, ISecurityPolicyService, IPasskeyService)' 之必要參數 'securityPolicyService' 的引數 [C:\Users\bohewu.BOHE-WU-NEW-PC\Desktop\IdP\HybridIdP\Tests.Application.UnitTests\Tests.Application.UnitTests.csproj]
C:\Users\bohewu.BOHE-WU-NEW-PC\Desktop\IdP\HybridIdP\Tests.Application.UnitTests\AuthorizationServiceTests.cs(118,36): error CS7036: 未提供任何可對應到 'AuthorizationService.AuthorizationService(IOpenIddictApplicationManager, IOpenIddictAuthorizationManager, IOpenIddictScopeManager, UserManager<ApplicationUser>, RoleManager<ApplicationRole>, IApplicationDbContext, IApiResourceService, ILocalizationService, IScopeService, IAuditService, IClientAllowedScopesService, IClientScopeRequestProcessor, ILogger<AuthorizationService>, IHttpContextAccessor, IClaimsEnrichmentService, ISecurityPolicyService, IPasskeyService)' 之必要參數 'securityPolicyService' 的引數 [C:\Users\bohewu.BOHE-WU-NEW-PC\Desktop\IdP\HybridIdP\Tests.Application.UnitTests\Tests.Application.UnitTests.csproj]
C:\Users\bohewu.BOHE-WU-NEW-PC\Desktop\IdP\HybridIdP\Tests.Application.UnitTests\AuthorizationServiceTests.cs(155,36): error CS7036: 未提供任何可對應到 'AuthorizationService.AuthorizationService(IOpenIddictApplicationManager, IOpenIddictAuthorizationManager, IOpenIddictScopeManager, UserManager<ApplicationUser>, RoleManager<ApplicationRole>, IApplicationDbContext, IApiResourceService, ILocalizationService, IScopeService, IAuditService, IClientAllowedScopesService, IClientScopeRequestProcessor, ILogger<AuthorizationService>, IHttpContextAccessor, IClaimsEnrichmentService, ISecurityPolicyService, IPasskeyService)' 之必要參數 'securityPolicyService' 的引數 [C:\Users\bohewu.BOHE-WU-NEW-PC\Desktop\IdP\HybridIdP\Tests.Application.UnitTests\Tests.Application.UnitTests.csproj]

建置失敗。

C:\Users\bohewu.BOHE-WU-NEW-PC\Desktop\IdP\HybridIdP\Tests.SystemTests\AmrSystemTests.cs(93,25): error CS1519: Invalid token '(' in a member declaration [C:\Users\bohewu.BOHE-WU-NEW-PC\Desktop\IdP\HybridIdP\Tests.SystemTests\Tests.SystemTests.csproj]
C:\Users\bohewu.BOHE-WU-NEW-PC\Desktop\IdP\HybridIdP\Tests.SystemTests\AmrSystemTests.cs(93,26): error CS1031: 必須是類型 [C:\Users\bohewu.BOHE-WU-NEW-PC\Desktop\IdP\HybridIdP\Tests.SystemTests\Tests.SystemTests.csproj]
C:\Users\bohewu.BOHE-WU-NEW-PC\Desktop\IdP\HybridIdP\Tests.SystemTests\AmrSystemTests.cs(93,26): error CS8124: 元組必須包含至少兩個項目。 [C:\Users\bohewu.BOHE-WU-NEW-PC\Desktop\IdP\HybridIdP\Tests.SystemTests\Tests.SystemTests.csproj]
C:\Users\bohewu.BOHE-WU-NEW-PC\Desktop\IdP\HybridIdP\Tests.SystemTests\AmrSystemTests.cs(93,26): error CS1026: 必須是 ) [C:\Users\bohewu.BOHE-WU-NEW-PC\Desktop\IdP\HybridIdP\Tests.SystemTests\Tests.SystemTests.csproj]
C:\Users\bohewu.BOHE-WU-NEW-PC\Desktop\IdP\HybridIdP\Tests.SystemTests\AmrSystemTests.cs(93,26): error CS1519: Invalid token '"signin-oidc"' in a member declaration [C:\Users\bohewu.BOHE-WU-NEW-PC\Desktop\IdP\HybridIdP\Tests.SystemTests\Tests.SystemTests.csproj]
C:\Users\bohewu.BOHE-WU-NEW-PC\Desktop\IdP\HybridIdP\Tests.SystemTests\AmrSystemTests.cs(93,54): error CS1519: Invalid token ')' in a member declaration [C:\Users\bohewu.BOHE-WU-NEW-PC\Desktop\IdP\HybridIdP\Tests.SystemTests\Tests.SystemTests.csproj]
C:\Users\bohewu.BOHE-WU-NEW-PC\Desktop\IdP\HybridIdP\Tests.SystemTests\AmrSystemTests.cs(94,24): error CS1519: Invalid token '(' in a member declaration [C:\Users\bohewu.BOHE-WU-NEW-PC\Desktop\IdP\HybridIdP\Tests.SystemTests\Tests.SystemTests.csproj]
C:\Users\bohewu.BOHE-WU-NEW-PC\Desktop\IdP\HybridIdP\Tests.SystemTests\AmrSystemTests.cs(94,25): error CS1031: 必須是類型 [C:\Users\bohewu.BOHE-WU-NEW-PC\Desktop\IdP\HybridIdP\Tests.SystemTests\Tests.SystemTests.csproj]
C:\Users\bohewu.BOHE-WU-NEW-PC\Desktop\IdP\HybridIdP\Tests.SystemTests\AmrSystemTests.cs(94,25): error CS8124: 元組必須包含至少兩個項目。 [C:\Users\bohewu.BOHE-WU-NEW-PC\Desktop\IdP\HybridIdP\Tests.SystemTests\Tests.SystemTests.csproj]
C:\Users\bohewu.BOHE-WU-NEW-PC\Desktop\IdP\HybridIdP\Tests.SystemTests\AmrSystemTests.cs(94,25): error CS1026: 必須是 ) [C:\Users\bohewu.BOHE-WU-NEW-PC\Desktop\IdP\HybridIdP\Tests.SystemTests\Tests.SystemTests.csproj]
C:\Users\bohewu.BOHE-WU-NEW-PC\Desktop\IdP\HybridIdP\Tests.SystemTests\AmrSystemTests.cs(94,25): error CS1519: Invalid token '"code="' in a member declaration [C:\Users\bohewu.BOHE-WU-NEW-PC\Desktop\IdP\HybridIdP\Tests.SystemTests\Tests.SystemTests.csproj]
C:\Users\bohewu.BOHE-WU-NEW-PC\Desktop\IdP\HybridIdP\Tests.SystemTests\AmrSystemTests.cs(94,47): error CS1519: Invalid token ')' in a member declaration [C:\Users\bohewu.BOHE-WU-NEW-PC\Desktop\IdP\HybridIdP\Tests.SystemTests\Tests.SystemTests.csproj]
C:\Users\bohewu.BOHE-WU-NEW-PC\Desktop\IdP\HybridIdP\Tests.SystemTests\AmrSystemTests.cs(95,5): error CS1519: Invalid token '}' in a member declaration [C:\Users\bohewu.BOHE-WU-NEW-PC\Desktop\IdP\HybridIdP\Tests.SystemTests\Tests.SystemTests.csproj]
C:\Users\bohewu.BOHE-WU-NEW-PC\Desktop\IdP\HybridIdP\Tests.Application.UnitTests\AuthorizationServiceTests.cs(66,41): error CS7036: 未提供任何可對應到 'AuthorizationService.AuthorizationService(IOpenIddictApplicationManager, IOpenIddictAuthorizationManager, IOpenIddictScopeManager, UserManager<ApplicationUser>, RoleManager<ApplicationRole>, IApplicationDbContext, IApiResourceService, ILocalizationService, IScopeService, IAuditService, IClientAllowedScopesService, IClientScopeRequestProcessor, ILogger<AuthorizationService>, IHttpContextAccessor, IClaimsEnrichmentService, ISecurityPolicyService, IPasskeyService)' 之必要參數 'securityPolicyService' 的引數 [C:\Users\bohewu.BOHE-WU-NEW-PC\Desktop\IdP\HybridIdP\Tests.Application.UnitTests\Tests.Application.UnitTests.csproj]
C:\Users\bohewu.BOHE-WU-NEW-PC\Desktop\IdP\HybridIdP\Tests.Application.UnitTests\AuthorizationServiceTests.cs(118,36): error CS7036: 未提供任何可對應到 'AuthorizationService.AuthorizationService(IOpenIddictApplicationManager, IOpenIddictAuthorizationManager, IOpenIddictScopeManager, UserManager<ApplicationUser>, RoleManager<ApplicationRole>, IApplicationDbContext, IApiResourceService, ILocalizationService, IScopeService, IAuditService, IClientAllowedScopesService, IClientScopeRequestProcessor, ILogger<AuthorizationService>, IHttpContextAccessor, IClaimsEnrichmentService, ISecurityPolicyService, IPasskeyService)' 之必要參數 'securityPolicyService' 的引數 [C:\Users\bohewu.BOHE-WU-NEW-PC\Desktop\IdP\HybridIdP\Tests.Application.UnitTests\Tests.Application.UnitTests.csproj]
C:\Users\bohewu.BOHE-WU-NEW-PC\Desktop\IdP\HybridIdP\Tests.Application.UnitTests\AuthorizationServiceTests.cs(155,36): error CS7036: 未提供任何可對應到 'AuthorizationService.AuthorizationService(IOpenIddictApplicationManager, IOpenIddictAuthorizationManager, IOpenIddictScopeManager, UserManager<ApplicationUser>, RoleManager<ApplicationRole>, IApplicationDbContext, IApiResourceService, ILocalizationService, IScopeService, IAuditService, IClientAllowedScopesService, IClientScopeRequestProcessor, ILogger<AuthorizationService>, IHttpContextAccessor, IClaimsEnrichmentService, ISecurityPolicyService, IPasskeyService)' 之必要參數 'securityPolicyService' 的引數 [C:\Users\bohewu.BOHE-WU-NEW-PC\Desktop\IdP\HybridIdP\Tests.Application.UnitTests\Tests.Application.UnitTests.csproj]
    0 個警告
    16 個錯誤

經過時間 00:00:07.58
