  正在判斷要還原的專案...
  所有專案都在最新狀態，可進行還原。
  Core.Domain -> C:\repos\HybridIdP\Core.Domain\bin\Debug\net10.0\Core.Domain.dll
  Core.Application -> C:\repos\HybridIdP\Core.Application\bin\Debug\net10.0\Core.Application.dll
  Infrastructure -> C:\repos\HybridIdP\Infrastructure\bin\Debug\net10.0\Infrastructure.dll
  Infrastructure.Migrations.SqlServer -> C:\repos\HybridIdP\Infrastructure.Migrations.SqlServer\bin\Debug\net10.0\Infrastructure.Migrations.SqlServer.dll
  Infrastructure.Migrations.Postgres -> C:\repos\HybridIdP\Infrastructure.Migrations.Postgres\bin\Debug\net10.0\Infrastructure.Migrations.Postgres.dll
  Web.IdP -> C:\repos\HybridIdP\Web.IdP\bin\Debug\net10.0\Web.IdP.dll
C:\repos\HybridIdP\Tests.Application.UnitTests\AuthorizationServiceTests.cs(45,32): error CS0103: 名稱 'MockRoleManager' 不存在於目前的內容中 [C:\repos\HybridIdP\Tests.Application.UnitTests\Tests.Application.UnitTests.csproj]
C:\repos\HybridIdP\Tests.Application.UnitTests\AuthorizationServiceTests.cs(55,41): error CS7036: 未提供任何可對應到 'AuthorizationService.AuthorizationService(IOpenIddictApplicationManager, IOpenIddictAuthorizationManager, IOpenIddictScopeManager, UserManager<ApplicationUser>, RoleManager<ApplicationRole>, IApplicationDbContext, IApiResourceService, ILocalizationService, IScopeService, IAuditService, IClientAllowedScopesService, IClientScopeRequestProcessor, ILogger<AuthorizationService>, IHttpContextAccessor)' 之必要參數 'httpContextAccessor' 的引數 [C:\repos\HybridIdP\Tests.Application.UnitTests\Tests.Application.UnitTests.csproj]
C:\repos\HybridIdP\Tests.Application.UnitTests\AuthorizationServiceTests.cs(75,73): warning CS8625: 無法將 null 常值轉換成不可為 Null 的參考型別。 [C:\repos\HybridIdP\Tests.Application.UnitTests\Tests.Application.UnitTests.csproj]
C:\repos\HybridIdP\Tests.Application.UnitTests\AuthorizationServiceTests.cs(75,79): warning CS8625: 無法將 null 常值轉換成不可為 Null 的參考型別。 [C:\repos\HybridIdP\Tests.Application.UnitTests\Tests.Application.UnitTests.csproj]
C:\repos\HybridIdP\Tests.Application.UnitTests\AuthorizationServiceTests.cs(75,85): warning CS8625: 無法將 null 常值轉換成不可為 Null 的參考型別。 [C:\repos\HybridIdP\Tests.Application.UnitTests\Tests.Application.UnitTests.csproj]
C:\repos\HybridIdP\Tests.Application.UnitTests\AuthorizationServiceTests.cs(75,91): warning CS8625: 無法將 null 常值轉換成不可為 Null 的參考型別。 [C:\repos\HybridIdP\Tests.Application.UnitTests\Tests.Application.UnitTests.csproj]
C:\repos\HybridIdP\Tests.Application.UnitTests\AuthorizationServiceTests.cs(75,97): warning CS8625: 無法將 null 常值轉換成不可為 Null 的參考型別。 [C:\repos\HybridIdP\Tests.Application.UnitTests\Tests.Application.UnitTests.csproj]
C:\repos\HybridIdP\Tests.Application.UnitTests\AuthorizationServiceTests.cs(75,103): warning CS8625: 無法將 null 常值轉換成不可為 Null 的參考型別。 [C:\repos\HybridIdP\Tests.Application.UnitTests\Tests.Application.UnitTests.csproj]
C:\repos\HybridIdP\Tests.Application.UnitTests\AuthorizationServiceTests.cs(75,109): warning CS8625: 無法將 null 常值轉換成不可為 Null 的參考型別。 [C:\repos\HybridIdP\Tests.Application.UnitTests\Tests.Application.UnitTests.csproj]
C:\repos\HybridIdP\Tests.Application.UnitTests\AuthorizationServiceTests.cs(75,115): warning CS8625: 無法將 null 常值轉換成不可為 Null 的參考型別。 [C:\repos\HybridIdP\Tests.Application.UnitTests\Tests.Application.UnitTests.csproj]
C:\repos\HybridIdP\Tests.Application.UnitTests\MonitoringServiceTests.cs(43,36): warning CS8620: 因為參考型別的可 NULL 性有所差異，所以無法針對 'IConfigurationBuilder MemoryConfigurationBuilderExtensions.AddInMemoryCollection(IConfigurationBuilder configurationBuilder, IEnumerable<KeyValuePair<string, string?>>? initialData)' 內類型 'IEnumerable<KeyValuePair<string, string?>>' 的參數 'initialData' 使用類型 'Dictionary<string, string>' 的引數。 [C:\repos\HybridIdP\Tests.Application.UnitTests\Tests.Application.UnitTests.csproj]
C:\repos\HybridIdP\Tests.Application.UnitTests\AuthorizationServiceTests.cs(95,35): error CS0246: 找不到類型或命名空間名稱 'OpenIddictServerAspNetCoreTransaction' (是否遺漏了 using 指示詞或組件參考?) [C:\repos\HybridIdP\Tests.Application.UnitTests\Tests.Application.UnitTests.csproj]
C:\repos\HybridIdP\Tests.Application.UnitTests\AuthorizationServiceTests.cs(126,49): error CS0246: 找不到類型或命名空間名稱 'ChallengeResult' (是否遺漏了 using 指示詞或組件參考?) [C:\repos\HybridIdP\Tests.Application.UnitTests\Tests.Application.UnitTests.csproj]
C:\repos\HybridIdP\Tests.Application.UnitTests\AuthorizationServiceTests.cs(89,17): warning CS8620: 因為參考型別的可 NULL 性有所差異，所以無法針對 'void ILogger.Log<IsAnyType>(LogLevel logLevel, EventId eventId, IsAnyType state, Exception? exception, Func<IsAnyType, Exception?, string> formatter)' 內類型 'Func<It.IsAnyType, Exception?, string>' 的參數 'formatter' 使用類型 'Func<It.IsAnyType, Exception, string>' 的引數。 [C:\repos\HybridIdP\Tests.Application.UnitTests\Tests.Application.UnitTests.csproj]
C:\repos\HybridIdP\Tests.Application.UnitTests\LoginServiceTests.cs(139,50): warning CS0618: 'IJitProvisioningService.ProvisionUserAsync(LegacyUserDto, CancellationToken)' 已經過時: 'Use ProvisionExternalUserAsync instead' [C:\repos\HybridIdP\Tests.Application.UnitTests\Tests.Application.UnitTests.csproj]
C:\repos\HybridIdP\Tests.Application.UnitTests\LoginServiceTests.cs(136,82): warning CS8600: 正在將 Null 常值或可能的 Null 值轉換為不可為 Null 的型別。 [C:\repos\HybridIdP\Tests.Application.UnitTests\Tests.Application.UnitTests.csproj]
C:\repos\HybridIdP\Tests.Application.UnitTests\LoginServiceTests.cs(154,82): warning CS8600: 正在將 Null 常值或可能的 Null 值轉換為不可為 Null 的型別。 [C:\repos\HybridIdP\Tests.Application.UnitTests\Tests.Application.UnitTests.csproj]
C:\repos\HybridIdP\Tests.Application.UnitTests\PartialGrantIntegrationTests.cs(115,9): warning xUnit2029: Do not use Assert.Empty to check if a value does not exist in a collection. Use Assert.DoesNotContain instead. (https://xunit.net/xunit.analyzers/rules/xUnit2029) [C:\repos\HybridIdP\Tests.Application.UnitTests\Tests.Application.UnitTests.csproj]
C:\repos\HybridIdP\Tests.Application.UnitTests\PartialGrantIntegrationTests.cs(116,9): warning xUnit2029: Do not use Assert.Empty to check if a value does not exist in a collection. Use Assert.DoesNotContain instead. (https://xunit.net/xunit.analyzers/rules/xUnit2029) [C:\repos\HybridIdP\Tests.Application.UnitTests\Tests.Application.UnitTests.csproj]

建置失敗。

C:\repos\HybridIdP\Tests.Application.UnitTests\AuthorizationServiceTests.cs(75,73): warning CS8625: 無法將 null 常值轉換成不可為 Null 的參考型別。 [C:\repos\HybridIdP\Tests.Application.UnitTests\Tests.Application.UnitTests.csproj]
C:\repos\HybridIdP\Tests.Application.UnitTests\AuthorizationServiceTests.cs(75,79): warning CS8625: 無法將 null 常值轉換成不可為 Null 的參考型別。 [C:\repos\HybridIdP\Tests.Application.UnitTests\Tests.Application.UnitTests.csproj]
C:\repos\HybridIdP\Tests.Application.UnitTests\AuthorizationServiceTests.cs(75,85): warning CS8625: 無法將 null 常值轉換成不可為 Null 的參考型別。 [C:\repos\HybridIdP\Tests.Application.UnitTests\Tests.Application.UnitTests.csproj]
C:\repos\HybridIdP\Tests.Application.UnitTests\AuthorizationServiceTests.cs(75,91): warning CS8625: 無法將 null 常值轉換成不可為 Null 的參考型別。 [C:\repos\HybridIdP\Tests.Application.UnitTests\Tests.Application.UnitTests.csproj]
C:\repos\HybridIdP\Tests.Application.UnitTests\AuthorizationServiceTests.cs(75,97): warning CS8625: 無法將 null 常值轉換成不可為 Null 的參考型別。 [C:\repos\HybridIdP\Tests.Application.UnitTests\Tests.Application.UnitTests.csproj]
C:\repos\HybridIdP\Tests.Application.UnitTests\AuthorizationServiceTests.cs(75,103): warning CS8625: 無法將 null 常值轉換成不可為 Null 的參考型別。 [C:\repos\HybridIdP\Tests.Application.UnitTests\Tests.Application.UnitTests.csproj]
C:\repos\HybridIdP\Tests.Application.UnitTests\AuthorizationServiceTests.cs(75,109): warning CS8625: 無法將 null 常值轉換成不可為 Null 的參考型別。 [C:\repos\HybridIdP\Tests.Application.UnitTests\Tests.Application.UnitTests.csproj]
C:\repos\HybridIdP\Tests.Application.UnitTests\AuthorizationServiceTests.cs(75,115): warning CS8625: 無法將 null 常值轉換成不可為 Null 的參考型別。 [C:\repos\HybridIdP\Tests.Application.UnitTests\Tests.Application.UnitTests.csproj]
C:\repos\HybridIdP\Tests.Application.UnitTests\MonitoringServiceTests.cs(43,36): warning CS8620: 因為參考型別的可 NULL 性有所差異，所以無法針對 'IConfigurationBuilder MemoryConfigurationBuilderExtensions.AddInMemoryCollection(IConfigurationBuilder configurationBuilder, IEnumerable<KeyValuePair<string, string?>>? initialData)' 內類型 'IEnumerable<KeyValuePair<string, string?>>' 的參數 'initialData' 使用類型 'Dictionary<string, string>' 的引數。 [C:\repos\HybridIdP\Tests.Application.UnitTests\Tests.Application.UnitTests.csproj]
C:\repos\HybridIdP\Tests.Application.UnitTests\AuthorizationServiceTests.cs(89,17): warning CS8620: 因為參考型別的可 NULL 性有所差異，所以無法針對 'void ILogger.Log<IsAnyType>(LogLevel logLevel, EventId eventId, IsAnyType state, Exception? exception, Func<IsAnyType, Exception?, string> formatter)' 內類型 'Func<It.IsAnyType, Exception?, string>' 的參數 'formatter' 使用類型 'Func<It.IsAnyType, Exception, string>' 的引數。 [C:\repos\HybridIdP\Tests.Application.UnitTests\Tests.Application.UnitTests.csproj]
C:\repos\HybridIdP\Tests.Application.UnitTests\LoginServiceTests.cs(139,50): warning CS0618: 'IJitProvisioningService.ProvisionUserAsync(LegacyUserDto, CancellationToken)' 已經過時: 'Use ProvisionExternalUserAsync instead' [C:\repos\HybridIdP\Tests.Application.UnitTests\Tests.Application.UnitTests.csproj]
C:\repos\HybridIdP\Tests.Application.UnitTests\LoginServiceTests.cs(136,82): warning CS8600: 正在將 Null 常值或可能的 Null 值轉換為不可為 Null 的型別。 [C:\repos\HybridIdP\Tests.Application.UnitTests\Tests.Application.UnitTests.csproj]
C:\repos\HybridIdP\Tests.Application.UnitTests\LoginServiceTests.cs(154,82): warning CS8600: 正在將 Null 常值或可能的 Null 值轉換為不可為 Null 的型別。 [C:\repos\HybridIdP\Tests.Application.UnitTests\Tests.Application.UnitTests.csproj]
C:\repos\HybridIdP\Tests.Application.UnitTests\PartialGrantIntegrationTests.cs(115,9): warning xUnit2029: Do not use Assert.Empty to check if a value does not exist in a collection. Use Assert.DoesNotContain instead. (https://xunit.net/xunit.analyzers/rules/xUnit2029) [C:\repos\HybridIdP\Tests.Application.UnitTests\Tests.Application.UnitTests.csproj]
C:\repos\HybridIdP\Tests.Application.UnitTests\PartialGrantIntegrationTests.cs(116,9): warning xUnit2029: Do not use Assert.Empty to check if a value does not exist in a collection. Use Assert.DoesNotContain instead. (https://xunit.net/xunit.analyzers/rules/xUnit2029) [C:\repos\HybridIdP\Tests.Application.UnitTests\Tests.Application.UnitTests.csproj]
C:\repos\HybridIdP\Tests.Application.UnitTests\AuthorizationServiceTests.cs(45,32): error CS0103: 名稱 'MockRoleManager' 不存在於目前的內容中 [C:\repos\HybridIdP\Tests.Application.UnitTests\Tests.Application.UnitTests.csproj]
C:\repos\HybridIdP\Tests.Application.UnitTests\AuthorizationServiceTests.cs(55,41): error CS7036: 未提供任何可對應到 'AuthorizationService.AuthorizationService(IOpenIddictApplicationManager, IOpenIddictAuthorizationManager, IOpenIddictScopeManager, UserManager<ApplicationUser>, RoleManager<ApplicationRole>, IApplicationDbContext, IApiResourceService, ILocalizationService, IScopeService, IAuditService, IClientAllowedScopesService, IClientScopeRequestProcessor, ILogger<AuthorizationService>, IHttpContextAccessor)' 之必要參數 'httpContextAccessor' 的引數 [C:\repos\HybridIdP\Tests.Application.UnitTests\Tests.Application.UnitTests.csproj]
C:\repos\HybridIdP\Tests.Application.UnitTests\AuthorizationServiceTests.cs(95,35): error CS0246: 找不到類型或命名空間名稱 'OpenIddictServerAspNetCoreTransaction' (是否遺漏了 using 指示詞或組件參考?) [C:\repos\HybridIdP\Tests.Application.UnitTests\Tests.Application.UnitTests.csproj]
C:\repos\HybridIdP\Tests.Application.UnitTests\AuthorizationServiceTests.cs(126,49): error CS0246: 找不到類型或命名空間名稱 'ChallengeResult' (是否遺漏了 using 指示詞或組件參考?) [C:\repos\HybridIdP\Tests.Application.UnitTests\Tests.Application.UnitTests.csproj]
    15 個警告
    4 個錯誤

經過時間 00:00:02.97
